'15 Moniez' = {int} 64100
'Petal' = {int} 64101
'Nectar' = {int} 64103
'Oil' = {int} 64104
'Progressive helmet' = {int} 64105
'Wax' = {int} 64107
'2 Wax' = {int} 64109
'Water' = {int} 64110
'4 Water' = {int} 64114
'2 Clay' = {int} 64116
'Call bead' = {int} 64117
'2 Water' = {int} 64119
'Roots' = {int} 64120
'2 Roots' = {int} 64122
'3 Clay' = {int} 64124
'18 Moniez' = {int} 64125
'Clay' = {int} 64126
'30 Moniez' = {int} 64130
'3 Water' = {int} 64132
'4 Clay' = {int} 64136
'5 Ash' = {int} 64137
'4 Crystal' = {int} 64138
'Biscuit' = {int} 64141
'4 Wax' = {int} 64144
'2 Crystal' = {int} 64145
'Progressive gloves' = {int} 64146
'4 Ash' = {int} 64153
'Gauge' = {int} 64157
'3 Wax' = {int} 64171
'3 Ash' = {int} 64178
'5 Wax' = {int} 64179
'6 Water' = {int} 64180
'Mud Pepper' = {int} 64181
'100 Moniez' = {int} 64183
'Progressive breast' = {int} 64200
'3 Limestone' = {int} 64205
'200 Moniez' = {int} 64208
'Ash' = {int} 64210
'3 Bone' = {int} 64217
'Regenerate' = {int} 64218
'Herbal Essence' = {int} 64220
'Honey' = {int} 64221
'2 Limestone' = {int} 64223
'3 Vinegar' = {int} 64225
'Pixie Dust' = {int} 64229
'Wings' = {int} 64232
'3 Dry Ice' = {int} 64233
'Mushroom' = {int} 64236
'2 Call beads' = {int} 64237
'2 Iron' = {int} 64239
'4 Feathers' = {int} 64242
'Acorns' = {int} 64245
'2 Meteorite' = {int} 64246
'2 Gunpowder' = {int} 64248
'Grease' = {int} 64249
'3 Ethanol' = {int} 64251
'2 Dry Ice' = {int} 64252
'2 Vinegar' = {int} 64265
'Brimstone' = {int} 64267
'3 Nectar' = {int} 64268
'3 Brimstone' = {int} 64272
'2 Ash' = {int} 64273
'6 Ash' = {int} 64275
'4 Brimstone' = {int} 64277
'3 Honey' = {int} 64278
'3 Call beads' = {int} 64279
'Ethanol' = {int} 64281
'2 Acorns' = {int} 64292
'4 Ethanol' = {int} 64294
'Feather' = {int} 64295
'Aura' = {int} 64299
'Amulet of Annihilation' = {int} 64300
'Atlas Medallion' = {int} 64302
'3 Acorns' = {int} 64303
'5 Iron' = {int} 64307
'2 Petal' = {int} 64308
'4 Nectar' = {int} 64310
'Crystal' = {int} 64313
'Limestone' = {int} 64314
'2 Brimstone' = {int} 64321
'6 Vinegar' = {int} 64323
'8 Ash' = {int} 64325
'4 Vinegar' = {int} 64326
'2 Bone' = {int} 64337
'20 Moniez' = {int} 64340
'2 Ethanol' = {int} 64341
'10 Crystal' = {int} 64343
'7 Roots' = {int} 64345
'2 Honey' = {int} 64347
'5 Oil' = {int} 64349
'500 Moniez' = {int} 64350
'Knight Basher' = {int} 64351
'3 Mushroom' = {int} 64357
'4 Iron' = {int} 64369
'3 Oil' = {int} 64370
'3 Feathers' = {int} 64371
'Laser Lance' = {int} 64374
'30 Cryo Blast' = {int} 64375
'3 Meteorite' = {int} 64378
'30 Particle Bombs or Nectar?' = {int} 64379
'30 Thunderballs' = {int} 64381
'Atom Smasher' = {int} 64383
'4 Dry Ice' = {int} 64384
'Spider Claw' = {int} 64054
'Wheel' = {int} 64051
'Horn Spear' = {int} 64056
'Progressive breast / Dino Skin / Talons' = {int} 64060
'Gladiator Sword' = {int} 64052
'Diamond Eye' = {int} 64064
'Crusader Sword' = {int} 64053
'Lance (Weapon)' = {int} 64058
'Bazooka+Shells / Shining Armor / 5k Gold' = {int} 64061
'10,000 Gold Coins' = {int} 64062
'Bronze Axe' = {int} 64055
'Nothing' = {int} 64050
'Bronze Spear' = {int} 64057
'Acid Rain' = {int} 64000
'Atlas' = {int} 64001
'Barrier' = {int} 64002
'Call Up' = {int} 64003
'Corrosion' = {int} 64004
'Crush' = {int} 64005
'Cure' = {int} 64006
'Defend' = {int} 64007
'Double Drain' = {int} 64008
'Drain' = {int} 64009
'Energize' = {int} 64010
'Escape' = {int} 64011
'Explosion' = {int} 64012
'Fireball' = {int} 64013
'Fire Power' = {int} 64014
'Flash' = {int} 64015
'Force Field' = {int} 64016
'Hard Ball' = {int} 64017
'Heal' = {int} 64018
'Lance' = {int} 64019
'Levitate' = {int} 64020
'Lightning Storm' = {int} 64021
'Miracle Cure' = {int} 64022
'Nitro' = {int} 64023
'One Up' = {int} 64024
'Reflect' = {int} 64025
'Regrowth' = {int} 64026
'Revealer' = {int} 64027
'Revive' = {int} 64028
'Slow Burn' = {int} 64029
'Speed' = {int} 64030
'Sting' = {int} 64031
'Stop' = {int} 64032
'Super Heal' = {int} 64033
'Victory' = {NoneType} None
__len__ = {int} 151