'S. Jungle #0' = {int} 64100
'S. Jungle #1' = {int} 64101
'S. Jungle w/ weapon #2' = {int} 64102
'S. Jungle w/ weapon #3' = {int} 64103
'S. Jungle #4' = {int} 64104
'S. Jungle w/ weapon #5' = {int} 64105
"Strongheart's Hut #6" = {int} 64106
"Strongheart's Hut #7" = {int} 64107
"Strongheart's Hut #8" = {int} 64108
'FE Village #9' = {int} 64109
"Blimp's Hut #10" = {int} 64110
"Blimp's Hut #11" = {int} 64111
"Blimp's Hut #12" = {int} 64112
'FE Village Hut #13' = {int} 64113
'FE Village Hut #14' = {int} 64114
'FE Village Hut #15' = {int} 64115
'FE Village Hut #16' = {int} 64116
'FE Village Hut #17' = {int} 64117
'FE Village Hut #18' = {int} 64118
'FE Village Hut #19' = {int} 64119
'FE Village Hut #20' = {int} 64120
'FE Village Hut #21' = {int} 64121
'FE Village Hut #22' = {int} 64122
'FE Village Hut #23' = {int} 64123
'FE Village Hut #24' = {int} 64124
'FE Village Hut #25' = {int} 64125
'FE Village Hut #26' = {int} 64126
'FE Village Hut #27' = {int} 64127
'FE Village Hut #28' = {int} 64128
'FE Village Hut #29' = {int} 64129
'FE Village Hut #30' = {int} 64130
'FE Village Hut #31' = {int} 64131
'FE Village Hut #32' = {int} 64132
'FE Village Hut #33' = {int} 64133
'FE Village Hut #34' = {int} 64134
'Defend Area #35' = {int} 64135
'Defend Area #36' = {int} 64136
'Defend Area #37' = {int} 64137
'Quick Sand Field #38' = {int} 64138
'Quick Sand Field #39' = {int} 64139
'Quick Sand Field #40' = {int} 64140
'Quick Sand Field #41' = {int} 64141
'Quick Sand Field #42' = {int} 64142
'Quick Sand Field #43' = {int} 64143
'Quick Sand Field #44' = {int} 64144
'Bugmuck #45' = {int} 64145
'Bugmuck #46' = {int} 64146
'Bugmuck #47' = {int} 64147
'Bugmuck #48' = {int} 64148
'Bugmuck #49' = {int} 64149
'Bugmuck #50' = {int} 64150
'Bugmuck #51' = {int} 64151
'Bugmuck #52' = {int} 64152
'Acid Rain Guy #53' = {int} 64153
'Acid Rain Guy #54' = {int} 64154
'N. Jungle #55' = {int} 64155
'N. Jungle #56' = {int} 64156
'Vanilla Gauge #57' = {int} 64157
'Volcano Path #58' = {int} 64158
'Volcano Path #59' = {int} 64159
'Volcano Path #60' = {int} 64160
'Volcano Path #61' = {int} 64161
'West of Swamp #62' = {int} 64162
'West of Swamp #63' = {int} 64163
'Swamp #64' = {int} 64164
'Swamp #65' = {int} 64165
'Swamp #66' = {int} 64166
'Swamp #67' = {int} 64167
'Swamp #68' = {int} 64168
'Swamp #69' = {int} 64169
'Swamp #70' = {int} 64170
'Volcano Shop #71' = {int} 64171
'Volcano Shop #72' = {int} 64172
'Volcano Room1 #73' = {int} 64173
'Volcano Room1 #74' = {int} 64174
'Volcano Room1 #75' = {int} 64175
'Volcano Room1 #76' = {int} 64176
'Volcano Room1 #77' = {int} 64177
'Volcano Room1 #78' = {int} 64178
'Volcano Room1 #79' = {int} 64179
'Volcano Room1 #80' = {int} 64180
'Volcano Room2 #81' = {int} 64181
'Volcano Room2 #82' = {int} 64182
'Volcano Room2 #83' = {int} 64183
'Volcano Room2 #84' = {int} 64184
'Volcano Room2 #85' = {int} 64185
'Volcano Room2 #86' = {int} 64186
'Volcano Room2 #87' = {int} 64187
'Volcano Room2 #88' = {int} 64188
'Pipe Maze #89' = {int} 64189
'Pipe Maze #90' = {int} 64190
'Pipe Maze #91' = {int} 64191
'Pipe Maze #92' = {int} 64192
'Pipe Maze #93' = {int} 64193
'Pipe Maze #94' = {int} 64194
'Arena Holding #95' = {int} 64195
'Arena Holding #96' = {int} 64196
'Arena Holding #97' = {int} 64197
'Arena Holding #98' = {int} 64198
'Arena Holding #99' = {int} 64199
'Arena Holding #100' = {int} 64200
'Arena Holding #101' = {int} 64201
'Arena Holding #102' = {int} 64202
'W. Crustacia #103' = {int} 64203
'W. Crustacia #104' = {int} 64204
'W. Crustacia #105' = {int} 64205
'W. Crustacia #106' = {int} 64206
'E. Crustacia #107' = {int} 64207
'E. Crustacia #108' = {int} 64208
"Blimp's Cave #109" = {int} 64209
"Blimp's Cave #110" = {int} 64210
'Crustacia Interior #111' = {int} 64211
'Crustacia Interior #112' = {int} 64212
'Crustacia Interior #113' = {int} 64213
'Crustacia Interior #114' = {int} 64214
'Crustacia Interior #115' = {int} 64215
'Crustacia Interior #116' = {int} 64216
'Pyramid bottom #117' = {int} 64217
'Pyramid bottom #118' = {int} 64218
'Pyramid bottom #119' = {int} 64219
'Pyramid bottom #120' = {int} 64220
'Pyramid bottom #121' = {int} 64221
'Pyramid bottom #122' = {int} 64222
'Pyramid bottom #123' = {int} 64223
'Pyramid bottom #124' = {int} 64224
'Pyramid bottom #125' = {int} 64225
'Pyramid bottom #126' = {int} 64226
'Pyramid bottom #127' = {int} 64227
'Pyramid bottom #128' = {int} 64228
'Pyramid bottom #129' = {int} 64229
'Pyramid bottom #130' = {int} 64230
'Pyramid bottom #131' = {int} 64231
'Pyramid bottom #132' = {int} 64232
'Pyramid bottom #133' = {int} 64233
'Pyramid bottom #134' = {int} 64234
'Pyramid top #135' = {int} 64235
'Pyramid top #136' = {int} 64236
'Pyramid top #137' = {int} 64237
'Pyramid top #138' = {int} 64238
'Pyramid top #139' = {int} 64239
'Pyramid top #140' = {int} 64240
'Pyramid top #141' = {int} 64241
'Pyramid top #142' = {int} 64242
'Pyramid top #143' = {int} 64243
'Pyramid top #144' = {int} 64244
'Pyramid top #145' = {int} 64245
'Pyramid top #146' = {int} 64246
'Pyramid top #147' = {int} 64247
'Pyramid top #148' = {int} 64248
'Pyramid top #149' = {int} 64249
'Pyramid top #150' = {int} 64250
'Pyramid top #151' = {int} 64251
'Pyramid top #152' = {int} 64252
'Pyramid top #153' = {int} 64253
'Pyramid top #154' = {int} 64254
'Pyramid top #155' = {int} 64255
'Pyramid top #156' = {int} 64256
'Pyramid top #157' = {int} 64257
"Tiny's hideout #158" = {int} 64258
"Tiny's hideout #159" = {int} 64259
"Tiny's hideout #160" = {int} 64260
"Tiny's hideout #161" = {int} 64261
"Tiny's hideout #162" = {int} 64262
"Tiny's hideout #163" = {int} 64263
"Tiny's hideout #164" = {int} 64264
'Halls Main Room #165' = {int} 64265
'Halls Main Room #166' = {int} 64266
'Halls SW #167' = {int} 64267
'Halls SW #168' = {int} 64268
'Halls SW #169' = {int} 64269
'Halls NW #170' = {int} 64270
'Halls NW #171' = {int} 64271
'Halls NW #172' = {int} 64272
'Halls NW #173' = {int} 64273
'Halls NE #174' = {int} 64274
'Halls NE #175' = {int} 64275
'Halls NE #176' = {int} 64276
'Halls NE #177' = {int} 64277
'Halls Bridge #178' = {int} 64278
'Oglin Cave #179' = {int} 64279
'Drain Cave #180' = {int} 64280
'Drain Cave #181' = {int} 64281
'Volcano Path Cave #182' = {int} 64282
'Volcano Path Cave #183' = {int} 64283
'Jaguar Ring Cave #184' = {int} 64284
'Jaguar Ring Cave #185' = {int} 64285
'Jaguar Ring Cave #186' = {int} 64286
'HB Cave #187' = {int} 64287
'HB Cave #188' = {int} 64288
'HB Cave #189' = {int} 64289
'Ebon Sewers #190' = {int} 64290
'Ebon Sewers #191' = {int} 64291
'Ebon Sewers #192' = {int} 64292
'Ebon Sewers #193' = {int} 64293
'Ebon Sewers #194' = {int} 64294
"Gomi's Tower #195" = {int} 64295
"Gomi's Tower #196" = {int} 64296
"Gomi's Tower #197" = {int} 64297
"Gomi's Tower #198" = {int} 64298
'Outside Ivor #199' = {int} 64299
'Outside Ivor #200' = {int} 64300
'Outside Ivor #201' = {int} 64301
'Outside Ivor #202' = {int} 64302
'Ivor Houses #203' = {int} 64303
'Ivor Houses #204' = {int} 64304
'Ivor Houses #205' = {int} 64305
'Ivor Houses #206' = {int} 64306
'Ebon Houses #207' = {int} 64307
'Ivor Houses #208' = {int} 64308
'Ebon Houses #209' = {int} 64309
'Ivor Houses #210' = {int} 64310
'Ebon Houses #211' = {int} 64311
'Ivor Houses #212' = {int} 64312
'Ebon Houses #213' = {int} 64313
'Ivor Houses #214' = {int} 64314
'Ebon Houses #215' = {int} 64315
'Ivor Houses #216' = {int} 64316
'Ebon Houses #217' = {int} 64317
'Ivor Houses #218' = {int} 64318
'Ebon Houses #219' = {int} 64319
'Ivor Houses #220' = {int} 64320
'Ebon Houses #221' = {int} 64321
'Ivor Houses #222' = {int} 64322
'Ebon Houses #223' = {int} 64323
'Ivor Houses #224' = {int} 64324
'Ebon Houses #225' = {int} 64325
'Ivor Houses #226' = {int} 64326
'Ebon Houses #227' = {int} 64327
'Ivor Houses #228' = {int} 64328
'Ebon Houses #229' = {int} 64329
'Ivor Houses #230' = {int} 64330
'Ebon Houses #231' = {int} 64331
'Ivor Houses #232' = {int} 64332
'Ebon Houses #233' = {int} 64333
'Ivor Houses #234' = {int} 64334
'Ebon Houses #235' = {int} 64335
'Ivor Houses #236' = {int} 64336
'Ebon Houses #237' = {int} 64337
'Ivor Houses #238' = {int} 64338
'Ebon Houses #239' = {int} 64339
'Ivor Houses #240' = {int} 64340
'Ebon Houses #241' = {int} 64341
'Ivor Houses #242' = {int} 64342
'Ebon Houses #243' = {int} 64343
'Ivor Houses #244' = {int} 64344
'Ebon Houses #245' = {int} 64345
'Ivor Houses #246' = {int} 64346
'Ebon Houses #247' = {int} 64347
'Ebon Houses #248' = {int} 64348
'Naris #249' = {int} 64349
'Naris #250' = {int} 64350
'Tinker #251' = {int} 64351
'Ebon Dining #252' = {int} 64352
'Ivor Dining #253' = {int} 64353
'Ivor Dining #254' = {int} 64354
'Ivor East #255' = {int} 64355
'Ivor East #256' = {int} 64356
'Ivor East #257' = {int} 64357
'Ivor East #258' = {int} 64358
'Ivor East #259' = {int} 64359
'Ivor East #260' = {int} 64360
'Ivor Upper Floor #261' = {int} 64361
'Ivor Upper Floor #262' = {int} 64362
'Ivor Sewers #263' = {int} 64363
'Ivor Sewers #264' = {int} 64364
'Ivor Sewers #265' = {int} 64365
'Ivor Sewers #266' = {int} 64366
'Ivor Sewers #267' = {int} 64367
'Ivor Sewers #268' = {int} 64368
'Ivor Sewers #269' = {int} 64369
'Ivor Sewers #270' = {int} 64370
'Ebon Storage #271' = {int} 64371
'Ebon Storage #272' = {int} 64372
'Ebon Storage #273' = {int} 64373
'Prof. Lab #274' = {int} 64374
'Greenhouse #275' = {int} 64375
'Alarm room #276' = {int} 64376
'Reactor room #277' = {int} 64377
'Storage room #278' = {int} 64378
'Storage room #279' = {int} 64379
'Storage room #280' = {int} 64380
'Storage room #281' = {int} 64381
'Storage room #282' = {int} 64382
'Storage room #283' = {int} 64383
'Storage room #284' = {int} 64384
'Thraxx' = {int} 64050
'Coleoptera' = {int} 64051
'Mammoth Viper' = {int} 64052
'Cave Raptors' = {int} 64053
'Salabog' = {int} 64054
'Vigor' = {int} 64055
'Megataur' = {int} 64056
'Rimsala' = {int} 64057
'Aquagoth' = {int} 64058
'Bad Boys' = {int} 64059
'Timberdrake' = {int} 64060
'Verminator' = {int} 64061
'Tiny' = {int} 64062
'Mungola' = {int} 64063
'Sons of Sth.' = {int} 64064
'Volcano Viper' = {int} 64065
'Magmar' = {int} 64066
'Mad Monk' = {int} 64067
'Acid Rain' = {int} 64000
'Atlas' = {int} 64001
'Barrier' = {int} 64002
'Call Up' = {int} 64003
'Corrosion' = {int} 64004
'Crush' = {int} 64005
'Cure' = {int} 64006
'Defend' = {int} 64007
'Double Drain' = {int} 64008
'Drain' = {int} 64009
'Energize' = {int} 64010
'Escape' = {int} 64011
'Explosion' = {int} 64012
'Fireball' = {int} 64013
'Fire Power' = {int} 64014
'Flash' = {int} 64015
'Force Field' = {int} 64016
'Hard Ball' = {int} 64017
'Heal' = {int} 64018
'Lance' = {int} 64019
'Levitate' = {int} 64020
'Lightning Storm' = {int} 64021
'Miracle Cure' = {int} 64022
'Nitro' = {int} 64023
'One Up' = {int} 64024
'Reflect' = {int} 64025
'Regrowth' = {int} 64026
'Revealer' = {int} 64027
'Revive' = {int} 64028
'Slow Burn' = {int} 64029
'Speed' = {int} 64030
'Sting' = {int} 64031
'Stop' = {int} 64032
'Super Heal' = {int} 64033
'Done' = {NoneType} None
__len__ = {int} 338